<?xml version="1.0" encoding="UTF-8"?>
<testsuites name="login" time="14" tests="0" failures="1" errors="0">
   <testsuite name="login" tests="0" failures="1" errors="0" time="14" timestamp="2018-02-08 15:47:50" hostname="hwanta - tt" id="Test Suites/login">
      <properties>
         <property name="deviceName" value=""/>
         <property name="devicePlatform" value=""/>
         <property name="logFolder" value="C:\\Users\\hwanta\\Katalon Studio\\admin\\Reports\\login\\20180208_154746"/>
         <property name="logFiles" value="C:\\Users\\hwanta\\Katalon Studio\\admin\\Reports\\login\\20180208_154746\\execution0.log"/>
         <property name="attachments" value=""/>
         <property name="hostName" value="hwanta - tt"/>
         <property name="os" value="Windows 7 64bit"/>
         <property name="katalonVersion" value="5.3.0.1"/>
         <property name="browser" value="Chrome 63.0.3239.132"/>
         <property name="hostAddress" value="10.77.236.189"/>
         <property name="sessionId" value="d208b7fa2dcbd4b99b47fec8ff8708b5"/>
         <property name="seleniumVersion" value="3.7.1"/>
         <property name="proxyInformation" value="ProxyInformation{proxyOption=NO_PROXY, proxyServerType=HTTP, password=, proxyServerAddress=, proxyServerPort=0}"/>
         <property name="platform" value="Windows 7"/>
      </properties>
      <testcase name="Test Cases/login" classname="Test Cases/login" status="FAILED">
         <failure type="FAILED" message="Text 'hwanta' is not present on page "/>
         <system-out><![CDATA[2018-02-08 15:47:50 - [TEST_CASE][FAILED] - Test Cases/login: Test Cases/login FAILED because (of) Text 'hwanta' is not present on page 

2018-02-08 15:47:51 - [TEST_STEP][PASSED] - openBrowser: Browser is opened with url: 'http://gdadmin.hwanta71.godomall.com/base/login.php'

2018-02-08 15:48:02 - [MESSAGE][PASSED] - Browser is opened with url: 'http://gdadmin.hwanta71.godomall.com/base/login.php'

2018-02-08 15:48:02 - [TEST_STEP][PASSED] - setText: Text 'hwanta' is set on object 'Object Repository/login/input_managerId'

2018-02-08 15:48:03 - [MESSAGE][PASSED] - Text 'hwanta' is set on object 'Object Repository/login/input_managerId'

2018-02-08 15:48:03 - [TEST_STEP][PASSED] - setText: Text 'xogudgodo!@' is set on object 'Object Repository/login/input_managerPw'

2018-02-08 15:48:03 - [MESSAGE][PASSED] - Text 'xogudgodo!@' is set on object 'Object Repository/login/input_managerPw'

2018-02-08 15:48:03 - [TEST_STEP][PASSED] - click: Object: 'Object Repository/login/input_btn btn-black' is clicked on

2018-02-08 15:48:03 - [MESSAGE][PASSED] - Object: 'Object Repository/login/input_btn btn-black' is clicked on

2018-02-08 15:48:03 - [TEST_STEP][FAILED] - verifyTextPresent: Text 'hwanta' is not present on page 

2018-02-08 15:48:03 - [MESSAGE][FAILED] - Text 'hwanta' is not present on page]]></system-out>
         <system-err><![CDATA[2018-02-08 15:47:50 - [TEST_CASE][FAILED] - Test Cases/login: Test Cases/login FAILED because (of) Text 'hwanta' is not present on page]]></system-err>
      </testcase>
      <system-out><![CDATA[2018-02-08 15:47:50 - [TEST_SUITE][FAILED] - login: Test Cases/login FAILED because (of) Text 'hwanta' is not present on page]]></system-out>
      <system-err><![CDATA[2018-02-08 15:47:50 - [TEST_SUITE][FAILED] - login: Test Cases/login FAILED because (of) Text 'hwanta' is not present on page]]></system-err>
   </testsuite>
</testsuites>
