<?xml version="1.0" encoding="UTF-8"?>
<testsuites name="admin P1" time="31" tests="2" failures="1" errors="0">
   <testsuite name="admin P1" tests="2" failures="1" errors="0" time="31" timestamp="2018-03-26 15:42:42" hostname="hwanta - tt" id="Test Suites/admin P1">
      <properties>
         <property name="deviceName" value=""/>
         <property name="devicePlatform" value=""/>
         <property name="logFolder" value="C:\\Users\\hwanta\\Katalon Studio\\admin\\Reports\\admin P1\\20180326_154241"/>
         <property name="logFiles" value="C:\\Users\\hwanta\\Katalon Studio\\admin\\Reports\\admin P1\\20180326_154241\\execution0.log"/>
         <property name="attachments" value="C:\\Users\\hwanta\\Katalon Studio\\admin\\Reports\\admin P1\\20180326_154241\\1522046588910.png"/>
         <property name="hostName" value="hwanta - tt"/>
         <property name="os" value="Windows 7 64bit"/>
         <property name="katalonVersion" value="5.3.1.1"/>
         <property name="browser" value="Chrome 65.0.3325.181"/>
         <property name="hostAddress" value="192.168.56.1"/>
         <property name="sessionId" value="1ad01cf742edd3f5c598862b823f1afb"/>
         <property name="seleniumVersion" value="3.7.1"/>
         <property name="proxyInformation" value="ProxyInformation{proxyOption=NO_PROXY, proxyServerType=HTTP, password=, proxyServerAddress=, proxyServerPort=0}"/>
         <property name="platform" value="Windows 7"/>
      </properties>
      <testcase name="Test Cases/login" classname="Test Cases/login" status="PASSED">
         <system-out><![CDATA[2018-03-26 15:42:43 - [TEST_CASE][PASSED] - Test Cases/login: Test Cases/login

2018-03-26 15:42:43 - [TEST_STEP][PASSED] - openBrowser: Browser is opened with url: 'http://gdadmin.hwanta71.godomall.com/base/login.php'

2018-03-26 15:42:59 - [MESSAGE][PASSED] - Browser is opened with url: 'http://gdadmin.hwanta71.godomall.com/base/login.php'

2018-03-26 15:42:59 - [TEST_STEP][PASSED] - setText: Text 'hwanta' is set on object 'Object Repository/login/input_managerId'

2018-03-26 15:42:59 - [MESSAGE][PASSED] - Text 'hwanta' is set on object 'Object Repository/login/input_managerId'

2018-03-26 15:42:59 - [TEST_STEP][PASSED] - setText: Text 'xogudgodo!@' is set on object 'Object Repository/login/input_managerPw'

2018-03-26 15:43:00 - [MESSAGE][PASSED] - Text 'xogudgodo!@' is set on object 'Object Repository/login/input_managerPw'

2018-03-26 15:43:00 - [TEST_STEP][PASSED] - click: Object: 'Object Repository/login/input_btn btn-black' is clicked on

2018-03-26 15:43:00 - [MESSAGE][PASSED] - Object: 'Object Repository/login/input_btn btn-black' is clicked on]]></system-out>
         <system-err><![CDATA[]]></system-err>
      </testcase>
      <testcase name="Test Cases/base" classname="Test Cases/base" status="FAILED">
         <failure type="FAILED" message="No alert found"/>
         <system-out><![CDATA[2018-03-26 15:43:00 - [TEST_CASE][FAILED] - Test Cases/base: Test Cases/base FAILED because (of) No alert found

2018-03-26 15:43:00 - [TEST_STEP][PASSED] - click: Object: 'Object Repository/base/menu_basic' is clicked on

2018-03-26 15:43:08 - [MESSAGE][PASSED] - Object: 'Object Repository/base/menu_basic' is clicked on

2018-03-26 15:43:08 - [TEST_STEP][FAILED] - acceptAlert: No alert found

2018-03-26 15:43:09 - [MESSAGE][FAILED] - No alert found
[[ATTACHMENT|C:\\Users\\hwanta\\Katalon Studio\\admin\\Reports\\admin P1\\20180326_154241\\1522046588910.png]]

2018-03-26 15:43:09 - [TEST_STEP][PASSED] - Statement - For (def index : (4..6)): null

2018-03-26 15:43:09 - [TEST_STEP][PASSED] - setText: Test data is internal data, reading internal data]]></system-out>
         <system-err><![CDATA[2018-03-26 15:43:00 - [TEST_CASE][FAILED] - Test Cases/base: Test Cases/base FAILED because (of) No alert found]]></system-err>
      </testcase>
      <testcase name="Test Cases/goods" classname="Test Cases/goods" status="PASSED">
         <system-out><![CDATA[2018-03-26 15:43:09 - [TEST_CASE][PASSED] - Test Cases/goods: Test Cases/goods

2018-03-26 15:43:09 - [TEST_STEP][PASSED] - click: Object: 'Object Repository/goods/menu_goods' is clicked on

2018-03-26 15:43:10 - [MESSAGE][PASSED] - Object: 'Object Repository/goods/menu_goods' is clicked on

2018-03-26 15:43:10 - [TEST_STEP][PASSED] - click: Object: 'Object Repository/goods/good list/registration' is clicked on

2018-03-26 15:43:13 - [MESSAGE][PASSED] - Object: 'Object Repository/goods/good list/registration' is clicked on]]></system-out>
         <system-err><![CDATA[]]></system-err>
      </testcase>
      <system-out><![CDATA[2018-03-26 15:42:42 - [TEST_SUITE][FAILED] - admin P1: Test Cases/base FAILED because (of) No alert found]]></system-out>
      <system-err><![CDATA[2018-03-26 15:42:42 - [TEST_SUITE][FAILED] - admin P1: Test Cases/base FAILED because (of) No alert found]]></system-err>
   </testsuite>
</testsuites>
